[2026-06-20T13:42:34.943Z] GET http://localhost:8080/ → 200 (23ms, 39576B)
[2026-06-20T13:42:34.980Z] GET http://localhost:8080/images/extracted/chanel-hc/img-005.webp → 200 (20ms, 421020B)
[2026-06-20T13:42:34.980Z] GET https://fonts.googleapis.com/css2?family=Playfair+Display:ital,wght@0,400;0,500;1,400&family=Inter:wght@300;400;500&display=swap → 200 (206ms, 1394B)
[2026-06-20T13:42:34.980Z] GET https://img.youtube.com/vi/7lB4UjBaTyQ/hqdefault.jpg → 200 (365ms, 32196B)
[2026-06-20T13:42:35.255Z] GET https://fonts.gstatic.com/s/inter/v20/UcC73FwrK3iLTeHuS_nVMrMxCp50SjIa1ZL7W0Q5nw.woff2 → 200 (148ms, 48569B)
[2026-06-20T13:42:35.257Z] GET https://fonts.gstatic.com/s/playfairdisplay/v40/nuFiD-vYSZviVYUb_rj3ij__anPXDTzYgEM86xQ.woff2 → 200 (144ms, 39012B)
[2026-06-20T13:42:35.301Z] GET http://localhost:8080/images/extracted/valentina-miumiu/img-000.webp → 200 (6ms, 112906B)
[2026-06-20T13:42:35.301Z] GET http://localhost:8080/images/extracted/leonie-dg/img-003.webp → 200 (11ms, 283714B)
[2026-06-20T13:42:35.301Z] GET http://localhost:8080/images/extracted/chanel-pap/img-000.webp → 200 (14ms, 378436B)
[2026-06-20T13:42:35.301Z] GET http://localhost:8080/images/extracted/dolores-fonzi/img-003.webp → 200 (12ms, 174868B)
[2026-06-20T13:42:35.301Z] GET http://localhost:8080/images/extracted/calu-chinatown/img-004.webp → 200 (14ms, 385412B)
[2026-06-20T13:42:44.236Z] GET http://localhost:8080/images/extracted/netflix-mf/img-000.webp → 200 (15ms, 83694B)
[2026-06-20T13:42:44.875Z] GET http://localhost:8080/ → 200 (3ms, -188B)
[2026-06-20T13:42:44.912Z] GET http://localhost:8080/images/extracted/chanel-hc/img-005.webp → 200 (?ms, -190B)
[2026-06-20T13:42:44.912Z] GET https://fonts.googleapis.com/css2?family=Playfair+Display:ital,wght@0,400;0,500;1,400&family=Inter:wght@300;400;500&display=swap → 200 (?ms, -743B)
[2026-06-20T13:42:44.913Z] GET https://img.youtube.com/vi/7lB4UjBaTyQ/hqdefault.jpg → 200 (?ms, -652B)
[2026-06-20T13:42:44.920Z] GET http://localhost:8080/images/extracted/valentina-miumiu/img-000.webp → 200 (?ms, -190B)
[2026-06-20T13:42:44.920Z] GET http://localhost:8080/images/extracted/leonie-dg/img-003.webp → 200 (?ms, -190B)
[2026-06-20T13:42:44.920Z] GET http://localhost:8080/images/extracted/chanel-pap/img-000.webp → 200 (?ms, -190B)
[2026-06-20T13:42:44.921Z] GET http://localhost:8080/images/extracted/dolores-fonzi/img-003.webp → 200 (2ms, -190B)
[2026-06-20T13:42:44.923Z] GET http://localhost:8080/images/extracted/calu-chinatown/img-004.webp → 200 (?ms, -190B)
[2026-06-20T13:42:44.923Z] GET http://localhost:8080/images/extracted/netflix-mf/img-000.webp → 200 (?ms, -189B)
[2026-06-20T13:42:44.947Z] GET https://fonts.gstatic.com/s/inter/v20/UcC73FwrK3iLTeHuS_nVMrMxCp50SjIa1ZL7W0Q5nw.woff2 → 200 (1ms, -815B)
[2026-06-20T13:42:44.949Z] GET https://fonts.gstatic.com/s/playfairdisplay/v40/nuFiD-vYSZviVYUb_rj3ij__anPXDTzYgEM86xQ.woff2 → 200 (?ms, -815B)
[2026-06-20T13:43:08.456Z] GET http://localhost:8080/images/extracted/gucci-rural/img-001.webp → 200 (30ms, 680242B)
